Not searching for unused variables given on the command line.
[36m--[0m The C compiler identification is GNU 9.4.0
[36m--[0m The CXX compiler identification is GNU 9.4.0
[36m--[0m Check for working C compiler: /usr/bin/cc
[36m--[0m Check for working C compiler: /usr/bin/cc -- works
[36m--[0m Detecting C compiler ABI info
[36m--[0m Detecting C compiler ABI info - done
[36m--[0m Detecting C compile features
[36m--[0m Detecting C compile features - done
[36m--[0m Check for working CXX compiler: /usr/bin/c++
[36m--[0m Check for working CXX compiler: /usr/bin/c++ -- works
[36m--[0m Detecting CXX compiler ABI info
[36m--[0m Detecting CXX compiler ABI info - done
[36m--[0m Detecting CXX compile features
[36m--[0m Detecting CXX compile features - done
[36m--[0m Using CATKIN_DEVEL_PREFIX: /home/lberthault/robogym_ws/devel/.private/panda_gazebo
[36m--[0m Using CMAKE_PREFIX_PATH: /home/lberthault/robogym_ws/devel;/opt/ros/noetic
[36m--[0m This workspace overlays: /home/lberthault/robogym_ws/devel;/opt/ros/noetic
[36m--[0m Found PythonInterp: /usr/bin/python3 (found suitable version "3.8.10", minimum required is "3")
[36m--[0m Using PYTHON_EXECUTABLE: /usr/bin/python3
[36m--[0m Using Debian Python package layout
[36m--[0m Found PY_em: /usr/lib/python3/dist-packages/em.py
[36m--[0m Using empy: /usr/lib/python3/dist-packages/em.py
[36m--[0m Using CATKIN_ENABLE_TESTING: ON
[36m--[0m Call enable_testing()
[36m--[0m Using CATKIN_TEST_RESULTS_DIR: /home/lberthault/robogym_ws/build/panda_gazebo/test_results
[36m--[0m Forcing gtest/gmock from source, though one was otherwise available.
[36m--[0m Found gtest sources under '/usr/src/googletest': gtests will be built
[36m--[0m Found gmock sources under '/usr/src/googletest': gmock will be built
[36m--[0m Found PythonInterp: /usr/bin/python3 (found version "3.8.10")
[36m--[0m Found Threads: TRUE
[36m--[0m Using Python nosetests: /usr/bin/nosetests3
[36m--[0m catkin 0.8.10
[36m--[0m BUILD_SHARED_LIBS is on
[36m--[0m Using these message generators: gencpp;geneus;genlisp;gennodejs;genpy
[36m--[0m Found PkgConfig: /home/linuxbrew/.linuxbrew/bin/pkg-config (found version "0.29.2")
[36m--[0m Checking for module 'bullet>=2.82'
[36m--[0m   No package 'bullet' found
[36m--[0m Checking for module 'bullet2.82>=2.82'
[36m--[0m   No package 'bullet2.82' found
[31m[1mCMake Error[0m at /usr/lib/x86_64-linux-gnu/cmake/gazebo/gazebo-config.cmake:144 (message):
  Error: Bullet > 2.82 not found, please install libbullet2.82-dev.
[36mCall Stack (most recent call first):[0m
  CMakeLists.txt:24 (find_package)


[36m--[0m Configuring incomplete, errors occurred!
See also "/home/lberthault/robogym_ws/build/panda_gazebo/CMakeFiles/CMakeOutput.log".
See also "/home/lberthault/robogym_ws/build/panda_gazebo/CMakeFiles/CMakeError.log".
