[33m[1mCMake Warning[0m at /home/lberthault/robogym_ws/src/universal_robot/ur_kinematics/CMakeLists.txt:53 (add_library):
  Cannot generate a safe runtime search path for target ur10_moveit_plugin
  because files in some directories may conflict with libraries in implicit
  directories:

    runtime library [liborocos-kdl.so.1.4] in /usr/lib may be hidden by files in:
      /home/lberthault/robogym_ws/devel/lib

  Some of these libraries may not be found correctly.


[33m[1mCMake Warning[0m at /home/lberthault/robogym_ws/src/universal_robot/ur_kinematics/CMakeLists.txt:39 (add_library):
  Cannot generate a safe runtime search path for target ur3_moveit_plugin
  because files in some directories may conflict with libraries in implicit
  directories:

    runtime library [liborocos-kdl.so.1.4] in /usr/lib may be hidden by files in:
      /home/lberthault/robogym_ws/devel/lib

  Some of these libraries may not be found correctly.


[33m[1mCMake Warning[0m at /home/lberthault/robogym_ws/src/universal_robot/ur_kinematics/CMakeLists.txt:46 (add_library):
  Cannot generate a safe runtime search path for target ur5_moveit_plugin
  because files in some directories may conflict with libraries in implicit
  directories:

    runtime library [liborocos-kdl.so.1.4] in /usr/lib may be hidden by files in:
      /home/lberthault/robogym_ws/devel/lib

  Some of these libraries may not be found correctly.


