Performing C SOURCE FILE Test CMAKE_HAVE_LIBC_PTHREAD failed with the following output:
Change Dir: /home/lberthault/robogym_ws/build/franka_moveit/CMakeFiles/CMakeTmp

Run Build Command(s):/usr/bin/make cmTC_b7924/fast && /usr/bin/make -f CMakeFiles/cmTC_b7924.dir/build.make CMakeFiles/cmTC_b7924.dir/build
make[1] : on entre dans le répertoire « /home/lberthault/robogym_ws/build/franka_moveit/CMakeFiles/CMakeTmp »
Building C object CMakeFiles/cmTC_b7924.dir/src.c.o
/usr/bin/cc   -DCMAKE_HAVE_LIBC_PTHREAD   -o CMakeFiles/cmTC_b7924.dir/src.c.o   -c /home/lberthault/robogym_ws/build/franka_moveit/CMakeFiles/CMakeTmp/src.c
Linking C executable cmTC_b7924
/usr/bin/cmake -E cmake_link_script CMakeFiles/cmTC_b7924.dir/link.txt --verbose=1
/usr/bin/cc  -DCMAKE_HAVE_LIBC_PTHREAD    -rdynamic CMakeFiles/cmTC_b7924.dir/src.c.o  -o cmTC_b7924 
/home/linuxbrew/.linuxbrew/bin/ld: CMakeFiles/cmTC_b7924.dir/src.c.o: in function `main':
src.c:(.text+0x46): undefined reference to `pthread_create'
/home/linuxbrew/.linuxbrew/bin/ld: src.c:(.text+0x52): undefined reference to `pthread_detach'
/home/linuxbrew/.linuxbrew/bin/ld: src.c:(.text+0x63): undefined reference to `pthread_join'
collect2: error: ld returned 1 exit status
make[1]: *** [CMakeFiles/cmTC_b7924.dir/build.make:87 : cmTC_b7924] Erreur 1
make[1] : on quitte le répertoire « /home/lberthault/robogym_ws/build/franka_moveit/CMakeFiles/CMakeTmp »
make: *** [Makefile:121 : cmTC_b7924/fast] Erreur 2


Source file was:
#include <pthread.h>

void* test_func(void* data)
{
  return data;
}

int main(void)
{
  pthread_t thread;
  pthread_create(&thread, NULL, test_func, NULL);
  pthread_detach(thread);
  pthread_join(thread, NULL);
  pthread_atfork(NULL, NULL, NULL);
  pthread_exit(NULL);

  return 0;
}

Determining if the function pthread_create exists in the pthreads failed with the following output:
Change Dir: /home/lberthault/robogym_ws/build/franka_moveit/CMakeFiles/CMakeTmp

Run Build Command(s):/usr/bin/make cmTC_d4c4b/fast && /usr/bin/make -f CMakeFiles/cmTC_d4c4b.dir/build.make CMakeFiles/cmTC_d4c4b.dir/build
make[1] : on entre dans le répertoire « /home/lberthault/robogym_ws/build/franka_moveit/CMakeFiles/CMakeTmp »
Building C object CMakeFiles/cmTC_d4c4b.dir/CheckFunctionExists.c.o
/usr/bin/cc   -DCHECK_FUNCTION_EXISTS=pthread_create   -o CMakeFiles/cmTC_d4c4b.dir/CheckFunctionExists.c.o   -c /usr/share/cmake-3.16/Modules/CheckFunctionExists.c
Linking C executable cmTC_d4c4b
/usr/bin/cmake -E cmake_link_script CMakeFiles/cmTC_d4c4b.dir/link.txt --verbose=1
/usr/bin/cc  -DCHECK_FUNCTION_EXISTS=pthread_create    -rdynamic CMakeFiles/cmTC_d4c4b.dir/CheckFunctionExists.c.o  -o cmTC_d4c4b  -lpthreads 
/home/linuxbrew/.linuxbrew/bin/ld: cannot find -lpthreads
collect2: error: ld returned 1 exit status
make[1]: *** [CMakeFiles/cmTC_d4c4b.dir/build.make:87 : cmTC_d4c4b] Erreur 1
make[1] : on quitte le répertoire « /home/lberthault/robogym_ws/build/franka_moveit/CMakeFiles/CMakeTmp »
make: *** [Makefile:121 : cmTC_d4c4b/fast] Erreur 2



